This file contains any messages produced by compilers while
running configure, to aid debugging if configure makes a mistake.

It was created by gflags configure 2.0, which was
generated by GNU Autoconf 2.69.  Invocation command line was

  $ ./configure --prefix=/home/mtydykov/NLPLab/repository/RussianDependencyParser/TurboParser-2.1.0/deps/local --no-create --no-recursion

## --------- ##
## Platform. ##
## --------- ##

hostname = mtydykov-MacBookPro
uname -m = x86_64
uname -r = 3.11.0-15-generic
uname -s = Linux
uname -v = #25-Ubuntu SMP Thu Jan 30 17:22:01 UTC 2014

/usr/bin/uname -p = unknown
/bin/uname -X     = unknown

/bin/arch              = unknown
/usr/bin/arch -k       = unknown
/usr/convex/getsysinfo = unknown
/usr/bin/hostinfo      = unknown
/bin/machine           = unknown
/usr/bin/oslevel       = unknown
/bin/universe          = unknown

PATH: /root/perl5/perlbrew/bin
PATH: /root/perl5/perlbrew/perls/perl-5.16.0/bin
PATH: /home/Backup/xle/bin
PATH: /usr/local/sbin
PATH: /usr/local/bin
PATH: /usr/sbin
PATH: /usr/bin
PATH: /sbin
PATH: /bin
PATH: /usr/games
PATH: /usr/local/games


## ----------- ##
## Core tests. ##
## ----------- ##

configure:2594: checking for a BSD-compatible install
configure:2662: result: /usr/bin/install -c
configure:2673: checking whether build environment is sane
configure:2710: result: yes
configure:2735: checking for a thread-safe mkdir -p
configure:2774: result: /bin/mkdir -p
configure:2787: checking for gawk
configure:2817: result: no
configure:2787: checking for mawk
configure:2803: found /usr/bin/mawk
configure:2814: result: mawk
configure:2825: checking whether make sets $(MAKE)
configure:2847: result: yes
configure:3091: checking for g++
configure:3107: found /usr/bin/g++
configure:3118: result: g++
configure:3145: checking for C++ compiler version
configure:3154: g++ --version >&5
g++ (Ubuntu/Linaro 4.8.1-10ubuntu9) 4.8.1
Copyright (C) 2013 Free Software Foundation, Inc.
This is free software; see the source for copying conditions.  There is NO
warranty; not even for MERCHANTABILITY or FITNESS FOR A PARTICULAR PURPOSE.

configure:3165: $? = 0
configure:3154: g++ -v >&5
Using built-in specs.
COLLECT_GCC=g++
COLLECT_LTO_WRAPPER=/usr/lib/gcc/x86_64-linux-gnu/4.8/lto-wrapper
Target: x86_64-linux-gnu
Configured with: ../src/configure -v --with-pkgversion='Ubuntu/Linaro 4.8.1-10ubuntu9' --with-bugurl=file:///usr/share/doc/gcc-4.8/README.Bugs --enable-languages=c,c++,java,go,d,fortran,objc,obj-c++ --prefix=/usr --program-suffix=-4.8 --enable-shared --enable-linker-build-id --libexecdir=/usr/lib --without-included-gettext --enable-threads=posix --with-gxx-include-dir=/usr/include/c++/4.8 --libdir=/usr/lib --enable-nls --with-sysroot=/ --enable-clocale=gnu --enable-libstdcxx-debug --enable-libstdcxx-time=yes --enable-gnu-unique-object --enable-plugin --with-system-zlib --disable-browser-plugin --enable-java-awt=gtk --enable-gtk-cairo --with-java-home=/usr/lib/jvm/java-1.5.0-gcj-4.8-amd64/jre --enable-java-home --with-jvm-root-dir=/usr/lib/jvm/java-1.5.0-gcj-4.8-amd64 --with-jvm-jar-dir=/usr/lib/jvm-exports/java-1.5.0-gcj-4.8-amd64 --with-arch-directory=amd64 --with-ecj-jar=/usr/share/java/eclipse-ecj.jar --enable-objc-gc --enable-multiarch --disable-werror --with-arch-32=i686 --with-abi=m64 --with-multilib-list=m32,m64,mx32 --with-tune=generic --enable-checking=release --build=x86_64-linux-gnu --host=x86_64-linux-gnu --target=x86_64-linux-gnu
Thread model: posix
gcc version 4.8.1 (Ubuntu/Linaro 4.8.1-10ubuntu9) 
configure:3165: $? = 0
configure:3154: g++ -V >&5
g++: error: unrecognized command line option '-V'
g++: fatal error: no input files
compilation terminated.
configure:3165: $? = 4
configure:3154: g++ -qversion >&5
g++: error: unrecognized command line option '-qversion'
g++: fatal error: no input files
compilation terminated.
configure:3165: $? = 4
configure:3185: checking whether the C++ compiler works
configure:3207: g++    conftest.cpp  >&5
configure:3211: $? = 0
configure:3259: result: yes
configure:3262: checking for C++ compiler default output file name
configure:3264: result: a.out
configure:3270: checking for suffix of executables
configure:3277: g++ -o conftest    conftest.cpp  >&5
configure:3281: $? = 0
configure:3303: result: 
configure:3325: checking whether we are cross compiling
configure:3333: g++ -o conftest    conftest.cpp  >&5
configure:3337: $? = 0
configure:3344: ./conftest
configure:3348: $? = 0
configure:3363: result: no
configure:3368: checking for suffix of object files
configure:3390: g++ -c   conftest.cpp >&5
configure:3394: $? = 0
configure:3415: result: o
configure:3419: checking whether we are using the GNU C++ compiler
configure:3438: g++ -c   conftest.cpp >&5
configure:3438: $? = 0
configure:3447: result: yes
configure:3456: checking whether g++ accepts -g
configure:3476: g++ -c -g  conftest.cpp >&5
configure:3476: $? = 0
configure:3517: result: yes
configure:3551: checking for style of include used by make
configure:3579: result: GNU
configure:3604: checking dependency style of g++
configure:3695: result: gcc3
configure:3758: checking for gcc
configure:3774: found /usr/bin/gcc
configure:3785: result: gcc
configure:4014: checking for C compiler version
configure:4023: gcc --version >&5
gcc (Ubuntu/Linaro 4.8.1-10ubuntu9) 4.8.1
Copyright (C) 2013 Free Software Foundation, Inc.
This is free software; see the source for copying conditions.  There is NO
warranty; not even for MERCHANTABILITY or FITNESS FOR A PARTICULAR PURPOSE.

configure:4034: $? = 0
configure:4023: gcc -v >&5
Using built-in specs.
COLLECT_GCC=gcc
COLLECT_LTO_WRAPPER=/usr/lib/gcc/x86_64-linux-gnu/4.8/lto-wrapper
Target: x86_64-linux-gnu
Configured with: ../src/configure -v --with-pkgversion='Ubuntu/Linaro 4.8.1-10ubuntu9' --with-bugurl=file:///usr/share/doc/gcc-4.8/README.Bugs --enable-languages=c,c++,java,go,d,fortran,objc,obj-c++ --prefix=/usr --program-suffix=-4.8 --enable-shared --enable-linker-build-id --libexecdir=/usr/lib --without-included-gettext --enable-threads=posix --with-gxx-include-dir=/usr/include/c++/4.8 --libdir=/usr/lib --enable-nls --with-sysroot=/ --enable-clocale=gnu --enable-libstdcxx-debug --enable-libstdcxx-time=yes --enable-gnu-unique-object --enable-plugin --with-system-zlib --disable-browser-plugin --enable-java-awt=gtk --enable-gtk-cairo --with-java-home=/usr/lib/jvm/java-1.5.0-gcj-4.8-amd64/jre --enable-java-home --with-jvm-root-dir=/usr/lib/jvm/java-1.5.0-gcj-4.8-amd64 --with-jvm-jar-dir=/usr/lib/jvm-exports/java-1.5.0-gcj-4.8-amd64 --with-arch-directory=amd64 --with-ecj-jar=/usr/share/java/eclipse-ecj.jar --enable-objc-gc --enable-multiarch --disable-werror --with-arch-32=i686 --with-abi=m64 --with-multilib-list=m32,m64,mx32 --with-tune=generic --enable-checking=release --build=x86_64-linux-gnu --host=x86_64-linux-gnu --target=x86_64-linux-gnu
Thread model: posix
gcc version 4.8.1 (Ubuntu/Linaro 4.8.1-10ubuntu9) 
configure:4034: $? = 0
configure:4023: gcc -V >&5
gcc: error: unrecognized command line option '-V'
gcc: fatal error: no input files
compilation terminated.
configure:4034: $? = 4
configure:4023: gcc -qversion >&5
gcc: error: unrecognized command line option '-qversion'
gcc: fatal error: no input files
compilation terminated.
configure:4034: $? = 4
configure:4038: checking whether we are using the GNU C compiler
configure:4057: gcc -c   conftest.c >&5
configure:4057: $? = 0
configure:4066: result: yes
configure:4075: checking whether gcc accepts -g
configure:4095: gcc -c -g  conftest.c >&5
configure:4095: $? = 0
configure:4136: result: yes
configure:4153: checking for gcc option to accept ISO C89
configure:4216: gcc  -c -g -O2  conftest.c >&5
configure:4216: $? = 0
configure:4229: result: none needed
configure:4251: checking dependency style of gcc
configure:4342: result: gcc3
configure:4362: checking how to run the C preprocessor
configure:4393: gcc -E  conftest.c
configure:4393: $? = 0
configure:4407: gcc -E  conftest.c
conftest.c:11:28: fatal error: ac_nonexistent.h: No such file or directory
 #include <ac_nonexistent.h>
                            ^
compilation terminated.
configure:4407: $? = 1
configure: failed program was:
| /* confdefs.h */
| #define PACKAGE_NAME "gflags"
| #define PACKAGE_TARNAME "gflags"
| #define PACKAGE_VERSION "2.0"
| #define PACKAGE_STRING "gflags 2.0"
| #define PACKAGE_BUGREPORT "google-gflags@googlegroups.com"
| #define PACKAGE_URL ""
| #define PACKAGE "gflags"
| #define VERSION "2.0"
| /* end confdefs.h.  */
| #include <ac_nonexistent.h>
configure:4432: result: gcc -E
configure:4452: gcc -E  conftest.c
configure:4452: $? = 0
configure:4466: gcc -E  conftest.c
conftest.c:11:28: fatal error: ac_nonexistent.h: No such file or directory
 #include <ac_nonexistent.h>
                            ^
compilation terminated.
configure:4466: $? = 1
configure: failed program was:
| /* confdefs.h */
| #define PACKAGE_NAME "gflags"
| #define PACKAGE_TARNAME "gflags"
| #define PACKAGE_VERSION "2.0"
| #define PACKAGE_STRING "gflags 2.0"
| #define PACKAGE_BUGREPORT "google-gflags@googlegroups.com"
| #define PACKAGE_URL ""
| #define PACKAGE "gflags"
| #define VERSION "2.0"
| /* end confdefs.h.  */
| #include <ac_nonexistent.h>
configure:4506: checking build system type
configure:4520: result: x86_64-unknown-linux-gnu
configure:4540: checking host system type
configure:4553: result: x86_64-unknown-linux-gnu
configure:4681: checking for a sed that does not truncate output
configure:4745: result: /bin/sed
configure:4763: checking for grep that handles long lines and -e
configure:4821: result: /bin/grep
configure:4826: checking for egrep
configure:4888: result: /bin/grep -E
configure:4893: checking for fgrep
configure:4955: result: /bin/grep -F
configure:4990: checking for ld used by gcc
configure:5057: result: /usr/bin/ld
configure:5064: checking if the linker (/usr/bin/ld) is GNU ld
configure:5079: result: yes
configure:5091: checking for BSD- or MS-compatible name lister (nm)
configure:5140: result: /usr/bin/nm -B
configure:5258: checking the name lister (/usr/bin/nm -B) interface
configure:5265: gcc -c -g -O2  conftest.c >&5
configure:5268: /usr/bin/nm -B "conftest.o"
configure:5271: output
0000000000000000 B some_variable
configure:5278: result: BSD nm
configure:5281: checking whether ln -s works
configure:5285: result: yes
configure:5293: checking the maximum length of command line arguments
configure:5413: result: 3458764513820540925
configure:5430: checking whether the shell understands some XSI constructs
configure:5440: result: yes
configure:5444: checking whether the shell understands "+="
configure:5450: result: yes
configure:5485: checking for /usr/bin/ld option to reload object files
configure:5492: result: -r
configure:5561: checking for objdump
configure:5577: found /usr/bin/objdump
configure:5588: result: objdump
configure:5620: checking how to recognize dependent libraries
configure:5816: result: pass_all
configure:5876: checking for ar
configure:5892: found /usr/bin/ar
configure:5903: result: ar
configure:5981: checking for strip
configure:5997: found /usr/bin/strip
configure:6008: result: strip
configure:6080: checking for ranlib
configure:6096: found /usr/bin/ranlib
configure:6107: result: ranlib
configure:6197: checking command to parse /usr/bin/nm -B output from gcc object
configure:6315: gcc -c -g -O2  conftest.c >&5
configure:6318: $? = 0
configure:6322: /usr/bin/nm -B conftest.o \| sed -n -e 's/^.*[	 ]\([ABCDGIRSTW][ABCDGIRSTW]*\)[	 ][	 ]*\([_A-Za-z][_A-Za-z0-9]*\)$/\1 \2 \2/p' \> conftest.nm
configure:6325: $? = 0
configure:6379: gcc -o conftest -g -O2   conftest.c conftstm.o >&5
configure:6382: $? = 0
configure:6420: result: ok
configure:6516: gcc -c -g -O2  conftest.c >&5
configure:6519: $? = 0
configure:7225: checking for ANSI C header files
configure:7245: gcc -c -g -O2  conftest.c >&5
configure:7245: $? = 0
configure:7318: gcc -o conftest -g -O2   conftest.c  >&5
configure:7318: $? = 0
configure:7318: ./conftest
configure:7318: $? = 0
configure:7329: result: yes
configure:7342: checking for sys/types.h
configure:7342: gcc -c -g -O2  conftest.c >&5
configure:7342: $? = 0
configure:7342: result: yes
configure:7342: checking for sys/stat.h
configure:7342: gcc -c -g -O2  conftest.c >&5
configure:7342: $? = 0
configure:7342: result: yes
configure:7342: checking for stdlib.h
configure:7342: gcc -c -g -O2  conftest.c >&5
configure:7342: $? = 0
configure:7342: result: yes
configure:7342: checking for string.h
configure:7342: gcc -c -g -O2  conftest.c >&5
configure:7342: $? = 0
configure:7342: result: yes
configure:7342: checking for memory.h
configure:7342: gcc -c -g -O2  conftest.c >&5
configure:7342: $? = 0
configure:7342: result: yes
configure:7342: checking for strings.h
configure:7342: gcc -c -g -O2  conftest.c >&5
configure:7342: $? = 0
configure:7342: result: yes
configure:7342: checking for inttypes.h
configure:7342: gcc -c -g -O2  conftest.c >&5
configure:7342: $? = 0
configure:7342: result: yes
configure:7342: checking for stdint.h
configure:7342: gcc -c -g -O2  conftest.c >&5
configure:7342: $? = 0
configure:7342: result: yes
configure:7342: checking for unistd.h
configure:7342: gcc -c -g -O2  conftest.c >&5
configure:7342: $? = 0
configure:7342: result: yes
configure:7356: checking for dlfcn.h
configure:7356: gcc -c -g -O2  conftest.c >&5
configure:7356: $? = 0
configure:7356: result: yes
configure:7481: checking for C++ compiler version
configure:7490: g++ --version >&5
g++ (Ubuntu/Linaro 4.8.1-10ubuntu9) 4.8.1
Copyright (C) 2013 Free Software Foundation, Inc.
This is free software; see the source for copying conditions.  There is NO
warranty; not even for MERCHANTABILITY or FITNESS FOR A PARTICULAR PURPOSE.

configure:7501: $? = 0
configure:7490: g++ -v >&5
Using built-in specs.
COLLECT_GCC=g++
COLLECT_LTO_WRAPPER=/usr/lib/gcc/x86_64-linux-gnu/4.8/lto-wrapper
Target: x86_64-linux-gnu
Configured with: ../src/configure -v --with-pkgversion='Ubuntu/Linaro 4.8.1-10ubuntu9' --with-bugurl=file:///usr/share/doc/gcc-4.8/README.Bugs --enable-languages=c,c++,java,go,d,fortran,objc,obj-c++ --prefix=/usr --program-suffix=-4.8 --enable-shared --enable-linker-build-id --libexecdir=/usr/lib --without-included-gettext --enable-threads=posix --with-gxx-include-dir=/usr/include/c++/4.8 --libdir=/usr/lib --enable-nls --with-sysroot=/ --enable-clocale=gnu --enable-libstdcxx-debug --enable-libstdcxx-time=yes --enable-gnu-unique-object --enable-plugin --with-system-zlib --disable-browser-plugin --enable-java-awt=gtk --enable-gtk-cairo --with-java-home=/usr/lib/jvm/java-1.5.0-gcj-4.8-amd64/jre --enable-java-home --with-jvm-root-dir=/usr/lib/jvm/java-1.5.0-gcj-4.8-amd64 --with-jvm-jar-dir=/usr/lib/jvm-exports/java-1.5.0-gcj-4.8-amd64 --with-arch-directory=amd64 --with-ecj-jar=/usr/share/java/eclipse-ecj.jar --enable-objc-gc --enable-multiarch --disable-werror --with-arch-32=i686 --with-abi=m64 --with-multilib-list=m32,m64,mx32 --with-tune=generic --enable-checking=release --build=x86_64-linux-gnu --host=x86_64-linux-gnu --target=x86_64-linux-gnu
Thread model: posix
gcc version 4.8.1 (Ubuntu/Linaro 4.8.1-10ubuntu9) 
configure:7501: $? = 0
configure:7490: g++ -V >&5
g++: error: unrecognized command line option '-V'
g++: fatal error: no input files
compilation terminated.
configure:7501: $? = 4
configure:7490: g++ -qversion >&5
g++: error: unrecognized command line option '-qversion'
g++: fatal error: no input files
compilation terminated.
configure:7501: $? = 4
configure:7505: checking whether we are using the GNU C++ compiler
configure:7533: result: yes
configure:7542: checking whether g++ accepts -g
configure:7603: result: yes
configure:7628: checking dependency style of g++
configure:7719: result: gcc3
configure:7742: checking how to run the C++ preprocessor
configure:7769: g++ -E  conftest.cpp
configure:7769: $? = 0
configure:7783: g++ -E  conftest.cpp
conftest.cpp:22:28: fatal error: ac_nonexistent.h: No such file or directory
 #include <ac_nonexistent.h>
                            ^
compilation terminated.
configure:7783: $? = 1
configure: failed program was:
| /* confdefs.h */
| #define PACKAGE_NAME "gflags"
| #define PACKAGE_TARNAME "gflags"
| #define PACKAGE_VERSION "2.0"
| #define PACKAGE_STRING "gflags 2.0"
| #define PACKAGE_BUGREPORT "google-gflags@googlegroups.com"
| #define PACKAGE_URL ""
| #define PACKAGE "gflags"
| #define VERSION "2.0"
| #define STDC_HEADERS 1
| #define HAVE_SYS_TYPES_H 1
| #define HAVE_SYS_STAT_H 1
| #define HAVE_STDLIB_H 1
| #define HAVE_STRING_H 1
| #define HAVE_MEMORY_H 1
| #define HAVE_STRINGS_H 1
| #define HAVE_INTTYPES_H 1
| #define HAVE_STDINT_H 1
| #define HAVE_UNISTD_H 1
| #define HAVE_DLFCN_H 1
| /* end confdefs.h.  */
| #include <ac_nonexistent.h>
configure:7808: result: g++ -E
configure:7828: g++ -E  conftest.cpp
configure:7828: $? = 0
configure:7842: g++ -E  conftest.cpp
conftest.cpp:22:28: fatal error: ac_nonexistent.h: No such file or directory
 #include <ac_nonexistent.h>
                            ^
compilation terminated.
configure:7842: $? = 1
configure: failed program was:
| /* confdefs.h */
| #define PACKAGE_NAME "gflags"
| #define PACKAGE_TARNAME "gflags"
| #define PACKAGE_VERSION "2.0"
| #define PACKAGE_STRING "gflags 2.0"
| #define PACKAGE_BUGREPORT "google-gflags@googlegroups.com"
| #define PACKAGE_URL ""
| #define PACKAGE "gflags"
| #define VERSION "2.0"
| #define STDC_HEADERS 1
| #define HAVE_SYS_TYPES_H 1
| #define HAVE_SYS_STAT_H 1
| #define HAVE_STDLIB_H 1
| #define HAVE_STRING_H 1
| #define HAVE_MEMORY_H 1
| #define HAVE_STRINGS_H 1
| #define HAVE_INTTYPES_H 1
| #define HAVE_STDINT_H 1
| #define HAVE_UNISTD_H 1
| #define HAVE_DLFCN_H 1
| /* end confdefs.h.  */
| #include <ac_nonexistent.h>
configure:8019: checking for objdir
configure:8034: result: .libs
configure:8330: checking if gcc supports -fno-rtti -fno-exceptions
configure:8348: gcc -c -g -O2  -fno-rtti -fno-exceptions conftest.c >&5
cc1: warning: command line option '-fno-rtti' is valid for C++/ObjC++ but not for C [enabled by default]
configure:8352: $? = 0
configure:8365: result: no
configure:8385: checking for gcc option to produce PIC
configure:8657: result: -fPIC -DPIC
configure:8669: checking if gcc PIC flag -fPIC -DPIC works
configure:8687: gcc -c -g -O2  -fPIC -DPIC -DPIC conftest.c >&5
configure:8691: $? = 0
configure:8704: result: yes
configure:8728: checking if gcc static flag -static works
configure:8756: result: yes
configure:8771: checking if gcc supports -c -o file.o
configure:8792: gcc -c -g -O2  -o out/conftest2.o conftest.c >&5
configure:8796: $? = 0
configure:8818: result: yes
configure:8826: checking if gcc supports -c -o file.o
configure:8873: result: yes
configure:8906: checking whether the gcc linker (/usr/bin/ld -m elf_x86_64) supports shared libraries
configure:9897: result: yes
configure:9934: checking whether -lc should be explicitly linked in
configure:9939: gcc -c -g -O2  conftest.c >&5
configure:9942: $? = 0
configure:9957: gcc -shared conftest.o  -v -Wl,-soname -Wl,conftest -o conftest 2\>\&1 \| /bin/grep  -lc  \>/dev/null 2\>\&1
configure:9960: $? = 0
configure:9972: result: no
configure:10136: checking dynamic linker characteristics
configure:10569: gcc -o conftest -g -O2   -Wl,-rpath -Wl,/foo conftest.c  >&5
configure:10569: $? = 0
configure:10799: result: GNU/Linux ld.so
configure:10901: checking how to hardcode library paths into programs
configure:10926: result: immediate
configure:11446: checking whether stripping libraries is possible
configure:11451: result: yes
configure:11486: checking if libtool supports shared libraries
configure:11488: result: yes
configure:11491: checking whether to build shared libraries
configure:11512: result: yes
configure:11515: checking whether to build static libraries
configure:11519: result: yes
configure:11669: checking for ld used by g++
configure:11736: result: /usr/bin/ld -m elf_x86_64
configure:11743: checking if the linker (/usr/bin/ld -m elf_x86_64) is GNU ld
configure:11758: result: yes
configure:11813: checking whether the g++ linker (/usr/bin/ld -m elf_x86_64) supports shared libraries
configure:12726: result: yes
configure:12754: g++ -c -g -O2  conftest.cpp >&5
configure:12757: $? = 0
configure:12939: checking for g++ option to produce PIC
configure:13256: result: -fPIC -DPIC
configure:13265: checking if g++ PIC flag -fPIC -DPIC works
configure:13283: g++ -c -g -O2  -fPIC -DPIC -DPIC conftest.cpp >&5
configure:13287: $? = 0
configure:13300: result: yes
configure:13321: checking if g++ static flag -static works
configure:13349: result: yes
configure:13361: checking if g++ supports -c -o file.o
configure:13382: g++ -c -g -O2  -o out/conftest2.o conftest.cpp >&5
configure:13386: $? = 0
configure:13408: result: yes
configure:13413: checking if g++ supports -c -o file.o
configure:13460: result: yes
configure:13490: checking whether the g++ linker (/usr/bin/ld -m elf_x86_64) supports shared libraries
configure:13519: result: yes
configure:13656: checking dynamic linker characteristics
configure:14037: g++ -o conftest -g -O2   -Wl,-rpath -Wl,/foo conftest.cpp  >&5
configure:14037: $? = 0
configure:14267: result: GNU/Linux ld.so
configure:14318: checking how to hardcode library paths into programs
configure:14343: result: immediate
configure:14405: checking for ANSI C header files
configure:14509: result: yes
configure:14519: checking for stdint.h
configure:14519: result: yes
configure:14527: checking for sys/types.h
configure:14527: result: yes
configure:14535: checking for inttypes.h
configure:14535: result: yes
configure:14545: checking fnmatch.h usability
configure:14545: gcc -c -g -O2  conftest.c >&5
configure:14545: $? = 0
configure:14545: result: yes
configure:14545: checking fnmatch.h presence
configure:14545: gcc -E  conftest.c
configure:14545: $? = 0
configure:14545: result: yes
configure:14545: checking for fnmatch.h
configure:14545: result: yes
configure:14557: checking for sys/stat.h
configure:14557: result: yes
configure:14569: checking for unistd.h
configure:14569: result: yes
configure:14582: checking for uint16_t
configure:14582: gcc -c -g -O2  conftest.c >&5
configure:14582: $? = 0
configure:14582: gcc -c -g -O2  conftest.c >&5
conftest.c: In function 'main':
conftest.c:63:23: error: expected expression before ')' token
 if (sizeof ((uint16_t)))
                       ^
configure:14582: $? = 1
configure: failed program was:
| /* confdefs.h */
| #define PACKAGE_NAME "gflags"
| #define PACKAGE_TARNAME "gflags"
| #define PACKAGE_VERSION "2.0"
| #define PACKAGE_STRING "gflags 2.0"
| #define PACKAGE_BUGREPORT "google-gflags@googlegroups.com"
| #define PACKAGE_URL ""
| #define PACKAGE "gflags"
| #define VERSION "2.0"
| #define STDC_HEADERS 1
| #define HAVE_SYS_TYPES_H 1
| #define HAVE_SYS_STAT_H 1
| #define HAVE_STDLIB_H 1
| #define HAVE_STRING_H 1
| #define HAVE_MEMORY_H 1
| #define HAVE_STRINGS_H 1
| #define HAVE_INTTYPES_H 1
| #define HAVE_STDINT_H 1
| #define HAVE_UNISTD_H 1
| #define HAVE_DLFCN_H 1
| #define LT_OBJDIR ".libs/"
| #define STDC_HEADERS 1
| #define HAVE_FNMATCH_H 1
| #define HAVE_SYS_STAT_H 1
| #define HAVE_UNISTD_H 1
| /* end confdefs.h.  */
| #include <stdio.h>
| #ifdef HAVE_SYS_TYPES_H
| # include <sys/types.h>
| #endif
| #ifdef HAVE_SYS_STAT_H
| # include <sys/stat.h>
| #endif
| #ifdef STDC_HEADERS
| # include <stdlib.h>
| # include <stddef.h>
| #else
| # ifdef HAVE_STDLIB_H
| #  include <stdlib.h>
| # endif
| #endif
| #ifdef HAVE_STRING_H
| # if !defined STDC_HEADERS && defined HAVE_MEMORY_H
| #  include <memory.h>
| # endif
| # include <string.h>
| #endif
| #ifdef HAVE_STRINGS_H
| # include <strings.h>
| #endif
| #ifdef HAVE_INTTYPES_H
| # include <inttypes.h>
| #endif
| #ifdef HAVE_STDINT_H
| # include <stdint.h>
| #endif
| #ifdef HAVE_UNISTD_H
| # include <unistd.h>
| #endif
| int
| main ()
| {
| if (sizeof ((uint16_t)))
| 	    return 0;
|   ;
|   return 0;
| }
configure:14582: result: yes
configure:14589: checking for u_int16_t
configure:14589: gcc -c -g -O2  conftest.c >&5
configure:14589: $? = 0
configure:14589: gcc -c -g -O2  conftest.c >&5
conftest.c: In function 'main':
conftest.c:63:24: error: expected expression before ')' token
 if (sizeof ((u_int16_t)))
                        ^
configure:14589: $? = 1
configure: failed program was:
| /* confdefs.h */
| #define PACKAGE_NAME "gflags"
| #define PACKAGE_TARNAME "gflags"
| #define PACKAGE_VERSION "2.0"
| #define PACKAGE_STRING "gflags 2.0"
| #define PACKAGE_BUGREPORT "google-gflags@googlegroups.com"
| #define PACKAGE_URL ""
| #define PACKAGE "gflags"
| #define VERSION "2.0"
| #define STDC_HEADERS 1
| #define HAVE_SYS_TYPES_H 1
| #define HAVE_SYS_STAT_H 1
| #define HAVE_STDLIB_H 1
| #define HAVE_STRING_H 1
| #define HAVE_MEMORY_H 1
| #define HAVE_STRINGS_H 1
| #define HAVE_INTTYPES_H 1
| #define HAVE_STDINT_H 1
| #define HAVE_UNISTD_H 1
| #define HAVE_DLFCN_H 1
| #define LT_OBJDIR ".libs/"
| #define STDC_HEADERS 1
| #define HAVE_FNMATCH_H 1
| #define HAVE_SYS_STAT_H 1
| #define HAVE_UNISTD_H 1
| /* end confdefs.h.  */
| #include <stdio.h>
| #ifdef HAVE_SYS_TYPES_H
| # include <sys/types.h>
| #endif
| #ifdef HAVE_SYS_STAT_H
| # include <sys/stat.h>
| #endif
| #ifdef STDC_HEADERS
| # include <stdlib.h>
| # include <stddef.h>
| #else
| # ifdef HAVE_STDLIB_H
| #  include <stdlib.h>
| # endif
| #endif
| #ifdef HAVE_STRING_H
| # if !defined STDC_HEADERS && defined HAVE_MEMORY_H
| #  include <memory.h>
| # endif
| # include <string.h>
| #endif
| #ifdef HAVE_STRINGS_H
| # include <strings.h>
| #endif
| #ifdef HAVE_INTTYPES_H
| # include <inttypes.h>
| #endif
| #ifdef HAVE_STDINT_H
| # include <stdint.h>
| #endif
| #ifdef HAVE_UNISTD_H
| # include <unistd.h>
| #endif
| int
| main ()
| {
| if (sizeof ((u_int16_t)))
| 	    return 0;
|   ;
|   return 0;
| }
configure:14589: result: yes
configure:14596: checking for __int16
configure:14596: gcc -c -g -O2  conftest.c >&5
conftest.c: In function 'main':
conftest.c:63:13: error: '__int16' undeclared (first use in this function)
 if (sizeof (__int16))
             ^
conftest.c:63:13: note: each undeclared identifier is reported only once for each function it appears in
configure:14596: $? = 1
configure: failed program was:
| /* confdefs.h */
| #define PACKAGE_NAME "gflags"
| #define PACKAGE_TARNAME "gflags"
| #define PACKAGE_VERSION "2.0"
| #define PACKAGE_STRING "gflags 2.0"
| #define PACKAGE_BUGREPORT "google-gflags@googlegroups.com"
| #define PACKAGE_URL ""
| #define PACKAGE "gflags"
| #define VERSION "2.0"
| #define STDC_HEADERS 1
| #define HAVE_SYS_TYPES_H 1
| #define HAVE_SYS_STAT_H 1
| #define HAVE_STDLIB_H 1
| #define HAVE_STRING_H 1
| #define HAVE_MEMORY_H 1
| #define HAVE_STRINGS_H 1
| #define HAVE_INTTYPES_H 1
| #define HAVE_STDINT_H 1
| #define HAVE_UNISTD_H 1
| #define HAVE_DLFCN_H 1
| #define LT_OBJDIR ".libs/"
| #define STDC_HEADERS 1
| #define HAVE_FNMATCH_H 1
| #define HAVE_SYS_STAT_H 1
| #define HAVE_UNISTD_H 1
| /* end confdefs.h.  */
| #include <stdio.h>
| #ifdef HAVE_SYS_TYPES_H
| # include <sys/types.h>
| #endif
| #ifdef HAVE_SYS_STAT_H
| # include <sys/stat.h>
| #endif
| #ifdef STDC_HEADERS
| # include <stdlib.h>
| # include <stddef.h>
| #else
| # ifdef HAVE_STDLIB_H
| #  include <stdlib.h>
| # endif
| #endif
| #ifdef HAVE_STRING_H
| # if !defined STDC_HEADERS && defined HAVE_MEMORY_H
| #  include <memory.h>
| # endif
| # include <string.h>
| #endif
| #ifdef HAVE_STRINGS_H
| # include <strings.h>
| #endif
| #ifdef HAVE_INTTYPES_H
| # include <inttypes.h>
| #endif
| #ifdef HAVE_STDINT_H
| # include <stdint.h>
| #endif
| #ifdef HAVE_UNISTD_H
| # include <unistd.h>
| #endif
| int
| main ()
| {
| if (sizeof (__int16))
| 	 return 0;
|   ;
|   return 0;
| }
configure:14596: result: no
configure:14607: checking for strtoll
configure:14607: gcc -o conftest -g -O2   conftest.c  >&5
configure:14607: $? = 0
configure:14607: result: yes
configure:14607: checking for strtoq
configure:14607: gcc -o conftest -g -O2   conftest.c  >&5
configure:14607: $? = 0
configure:14607: result: yes
configure:14618: checking for __attribute__
configure:14637: gcc -c -g -O2  conftest.c >&5
configure:14637: $? = 0
configure:14651: result: yes
configure:14826: checking for the pthreads library -lpthreads
configure:14859: gcc -o conftest -g -O2    conftest.c -lpthreads  >&5
conftest.c: In function 'main':
conftest.c:35:22: warning: null argument where non-null required (argument 1) [-Wnonnull]
                      pthread_attr_init(0); pthread_cleanup_push(0, 0);
                      ^
conftest.c:36:22: warning: null argument where non-null required (argument 1) [-Wnonnull]
                      pthread_create(0,0,0,0); pthread_cleanup_pop(0);
                      ^
conftest.c:36:22: warning: null argument where non-null required (argument 3) [-Wnonnull]
/usr/bin/ld: cannot find -lpthreads
collect2: error: ld returned 1 exit status
configure:14859: $? = 1
configure: failed program was:
| /* confdefs.h */
| #define PACKAGE_NAME "gflags"
| #define PACKAGE_TARNAME "gflags"
| #define PACKAGE_VERSION "2.0"
| #define PACKAGE_STRING "gflags 2.0"
| #define PACKAGE_BUGREPORT "google-gflags@googlegroups.com"
| #define PACKAGE_URL ""
| #define PACKAGE "gflags"
| #define VERSION "2.0"
| #define STDC_HEADERS 1
| #define HAVE_SYS_TYPES_H 1
| #define HAVE_SYS_STAT_H 1
| #define HAVE_STDLIB_H 1
| #define HAVE_STRING_H 1
| #define HAVE_MEMORY_H 1
| #define HAVE_STRINGS_H 1
| #define HAVE_INTTYPES_H 1
| #define HAVE_STDINT_H 1
| #define HAVE_UNISTD_H 1
| #define HAVE_DLFCN_H 1
| #define LT_OBJDIR ".libs/"
| #define STDC_HEADERS 1
| #define HAVE_FNMATCH_H 1
| #define HAVE_SYS_STAT_H 1
| #define HAVE_UNISTD_H 1
| #define HAVE_STRTOLL 1
| #define HAVE_STRTOQ 1
| #define HAVE___ATTRIBUTE__ 1
| /* end confdefs.h.  */
| #include <pthread.h>
| int
| main ()
| {
| pthread_t th; pthread_join(th, 0);
|                      pthread_attr_init(0); pthread_cleanup_push(0, 0);
|                      pthread_create(0,0,0,0); pthread_cleanup_pop(0);
|   ;
|   return 0;
| }
configure:14868: result: no
configure:14771: checking whether pthreads work without any flags
configure:14859: gcc -o conftest -g -O2    conftest.c   >&5
conftest.c: In function 'main':
conftest.c:35:22: warning: null argument where non-null required (argument 1) [-Wnonnull]
                      pthread_attr_init(0); pthread_cleanup_push(0, 0);
                      ^
conftest.c:36:22: warning: null argument where non-null required (argument 1) [-Wnonnull]
                      pthread_create(0,0,0,0); pthread_cleanup_pop(0);
                      ^
conftest.c:36:22: warning: null argument where non-null required (argument 3) [-Wnonnull]
/tmp/ccK3zjuL.o: In function `main':
/home/mtydykov/NLPLab/repository/RussianDependencyParser/TurboParser-2.1.0/deps/gflags-2.0/conftest.c:34: undefined reference to `pthread_join'
/home/mtydykov/NLPLab/repository/RussianDependencyParser/TurboParser-2.1.0/deps/gflags-2.0/conftest.c:35: undefined reference to `__pthread_register_cancel'
/home/mtydykov/NLPLab/repository/RussianDependencyParser/TurboParser-2.1.0/deps/gflags-2.0/conftest.c:36: undefined reference to `pthread_create'
/home/mtydykov/NLPLab/repository/RussianDependencyParser/TurboParser-2.1.0/deps/gflags-2.0/conftest.c:36: undefined reference to `__pthread_unregister_cancel'
collect2: error: ld returned 1 exit status
configure:14859: $? = 1
configure: failed program was:
| /* confdefs.h */
| #define PACKAGE_NAME "gflags"
| #define PACKAGE_TARNAME "gflags"
| #define PACKAGE_VERSION "2.0"
| #define PACKAGE_STRING "gflags 2.0"
| #define PACKAGE_BUGREPORT "google-gflags@googlegroups.com"
| #define PACKAGE_URL ""
| #define PACKAGE "gflags"
| #define VERSION "2.0"
| #define STDC_HEADERS 1
| #define HAVE_SYS_TYPES_H 1
| #define HAVE_SYS_STAT_H 1
| #define HAVE_STDLIB_H 1
| #define HAVE_STRING_H 1
| #define HAVE_MEMORY_H 1
| #define HAVE_STRINGS_H 1
| #define HAVE_INTTYPES_H 1
| #define HAVE_STDINT_H 1
| #define HAVE_UNISTD_H 1
| #define HAVE_DLFCN_H 1
| #define LT_OBJDIR ".libs/"
| #define STDC_HEADERS 1
| #define HAVE_FNMATCH_H 1
| #define HAVE_SYS_STAT_H 1
| #define HAVE_UNISTD_H 1
| #define HAVE_STRTOLL 1
| #define HAVE_STRTOQ 1
| #define HAVE___ATTRIBUTE__ 1
| /* end confdefs.h.  */
| #include <pthread.h>
| int
| main ()
| {
| pthread_t th; pthread_join(th, 0);
|                      pthread_attr_init(0); pthread_cleanup_push(0, 0);
|                      pthread_create(0,0,0,0); pthread_cleanup_pop(0);
|   ;
|   return 0;
| }
configure:14868: result: no
configure:14776: checking whether pthreads work with -Kthread
configure:14859: gcc -o conftest -g -O2 -Kthread   conftest.c   >&5
gcc: error: unrecognized command line option '-Kthread'
configure:14859: $? = 1
configure: failed program was:
| /* confdefs.h */
| #define PACKAGE_NAME "gflags"
| #define PACKAGE_TARNAME "gflags"
| #define PACKAGE_VERSION "2.0"
| #define PACKAGE_STRING "gflags 2.0"
| #define PACKAGE_BUGREPORT "google-gflags@googlegroups.com"
| #define PACKAGE_URL ""
| #define PACKAGE "gflags"
| #define VERSION "2.0"
| #define STDC_HEADERS 1
| #define HAVE_SYS_TYPES_H 1
| #define HAVE_SYS_STAT_H 1
| #define HAVE_STDLIB_H 1
| #define HAVE_STRING_H 1
| #define HAVE_MEMORY_H 1
| #define HAVE_STRINGS_H 1
| #define HAVE_INTTYPES_H 1
| #define HAVE_STDINT_H 1
| #define HAVE_UNISTD_H 1
| #define HAVE_DLFCN_H 1
| #define LT_OBJDIR ".libs/"
| #define STDC_HEADERS 1
| #define HAVE_FNMATCH_H 1
| #define HAVE_SYS_STAT_H 1
| #define HAVE_UNISTD_H 1
| #define HAVE_STRTOLL 1
| #define HAVE_STRTOQ 1
| #define HAVE___ATTRIBUTE__ 1
| /* end confdefs.h.  */
| #include <pthread.h>
| int
| main ()
| {
| pthread_t th; pthread_join(th, 0);
|                      pthread_attr_init(0); pthread_cleanup_push(0, 0);
|                      pthread_create(0,0,0,0); pthread_cleanup_pop(0);
|   ;
|   return 0;
| }
configure:14868: result: no
configure:14776: checking whether pthreads work with -kthread
configure:14859: gcc -o conftest -g -O2 -kthread   conftest.c   >&5
gcc: error: unrecognized command line option '-kthread'
configure:14859: $? = 1
configure: failed program was:
| /* confdefs.h */
| #define PACKAGE_NAME "gflags"
| #define PACKAGE_TARNAME "gflags"
| #define PACKAGE_VERSION "2.0"
| #define PACKAGE_STRING "gflags 2.0"
| #define PACKAGE_BUGREPORT "google-gflags@googlegroups.com"
| #define PACKAGE_URL ""
| #define PACKAGE "gflags"
| #define VERSION "2.0"
| #define STDC_HEADERS 1
| #define HAVE_SYS_TYPES_H 1
| #define HAVE_SYS_STAT_H 1
| #define HAVE_STDLIB_H 1
| #define HAVE_STRING_H 1
| #define HAVE_MEMORY_H 1
| #define HAVE_STRINGS_H 1
| #define HAVE_INTTYPES_H 1
| #define HAVE_STDINT_H 1
| #define HAVE_UNISTD_H 1
| #define HAVE_DLFCN_H 1
| #define LT_OBJDIR ".libs/"
| #define STDC_HEADERS 1
| #define HAVE_FNMATCH_H 1
| #define HAVE_SYS_STAT_H 1
| #define HAVE_UNISTD_H 1
| #define HAVE_STRTOLL 1
| #define HAVE_STRTOQ 1
| #define HAVE___ATTRIBUTE__ 1
| /* end confdefs.h.  */
| #include <pthread.h>
| int
| main ()
| {
| pthread_t th; pthread_join(th, 0);
|                      pthread_attr_init(0); pthread_cleanup_push(0, 0);
|                      pthread_create(0,0,0,0); pthread_cleanup_pop(0);
|   ;
|   return 0;
| }
configure:14868: result: no
configure:14826: checking for the pthreads library -llthread
configure:14859: gcc -o conftest -g -O2    conftest.c -llthread  >&5
conftest.c: In function 'main':
conftest.c:35:22: warning: null argument where non-null required (argument 1) [-Wnonnull]
                      pthread_attr_init(0); pthread_cleanup_push(0, 0);
                      ^
conftest.c:36:22: warning: null argument where non-null required (argument 1) [-Wnonnull]
                      pthread_create(0,0,0,0); pthread_cleanup_pop(0);
                      ^
conftest.c:36:22: warning: null argument where non-null required (argument 3) [-Wnonnull]
/usr/bin/ld: cannot find -llthread
collect2: error: ld returned 1 exit status
configure:14859: $? = 1
configure: failed program was:
| /* confdefs.h */
| #define PACKAGE_NAME "gflags"
| #define PACKAGE_TARNAME "gflags"
| #define PACKAGE_VERSION "2.0"
| #define PACKAGE_STRING "gflags 2.0"
| #define PACKAGE_BUGREPORT "google-gflags@googlegroups.com"
| #define PACKAGE_URL ""
| #define PACKAGE "gflags"
| #define VERSION "2.0"
| #define STDC_HEADERS 1
| #define HAVE_SYS_TYPES_H 1
| #define HAVE_SYS_STAT_H 1
| #define HAVE_STDLIB_H 1
| #define HAVE_STRING_H 1
| #define HAVE_MEMORY_H 1
| #define HAVE_STRINGS_H 1
| #define HAVE_INTTYPES_H 1
| #define HAVE_STDINT_H 1
| #define HAVE_UNISTD_H 1
| #define HAVE_DLFCN_H 1
| #define LT_OBJDIR ".libs/"
| #define STDC_HEADERS 1
| #define HAVE_FNMATCH_H 1
| #define HAVE_SYS_STAT_H 1
| #define HAVE_UNISTD_H 1
| #define HAVE_STRTOLL 1
| #define HAVE_STRTOQ 1
| #define HAVE___ATTRIBUTE__ 1
| /* end confdefs.h.  */
| #include <pthread.h>
| int
| main ()
| {
| pthread_t th; pthread_join(th, 0);
|                      pthread_attr_init(0); pthread_cleanup_push(0, 0);
|                      pthread_create(0,0,0,0); pthread_cleanup_pop(0);
|   ;
|   return 0;
| }
configure:14868: result: no
configure:14776: checking whether pthreads work with -pthread
configure:14859: gcc -o conftest -g -O2 -pthread   conftest.c   >&5
conftest.c: In function 'main':
conftest.c:35:22: warning: null argument where non-null required (argument 1) [-Wnonnull]
                      pthread_attr_init(0); pthread_cleanup_push(0, 0);
                      ^
conftest.c:36:22: warning: null argument where non-null required (argument 1) [-Wnonnull]
                      pthread_create(0,0,0,0); pthread_cleanup_pop(0);
                      ^
conftest.c:36:22: warning: null argument where non-null required (argument 3) [-Wnonnull]
configure:14859: $? = 0
configure:14868: result: yes
configure:14887: checking for joinable pthread attribute
configure:14902: gcc -o conftest -g -O2 -pthread   conftest.c   >&5
configure:14902: $? = 0
configure:14908: result: PTHREAD_CREATE_JOINABLE
configure:14918: checking if more special flags are required for pthreads
configure:14925: result: no
configure:15014: checking whether to check for GCC pthread/shared inconsistencies
configure:15027: gcc -o conftest -shared -fPIC -Wl,-z,defs -g -O2 -pthread   conftest.c   >&5
configure:15027: $? = 0
configure:15039: result: yes
configure:15045: checking whether -pthread is sufficient with -shared
configure:15060: gcc -o conftest -shared -fPIC -Wl,-z,defs -g -O2 -pthread   conftest.c   >&5
conftest.c: In function 'main':
conftest.c:35:8: warning: null argument where non-null required (argument 1) [-Wnonnull]
        pthread_attr_init(0); pthread_cleanup_push(0, 0);
        ^
conftest.c:36:8: warning: null argument where non-null required (argument 1) [-Wnonnull]
        pthread_create(0,0,0,0); pthread_cleanup_pop(0);
        ^
conftest.c:36:8: warning: null argument where non-null required (argument 3) [-Wnonnull]
configure:15060: $? = 0
configure:15067: result: yes
configure:15155: checking whether what we have so far is sufficient with -nostdlib
configure:15173: gcc -o conftest -nostdlib -shared -fPIC -Wl,-z,defs -g -O2 -pthread   conftest.c   -lc >&5
conftest.c: In function 'main':
conftest.c:35:9: warning: null argument where non-null required (argument 1) [-Wnonnull]
         pthread_attr_init(0); pthread_cleanup_push(0, 0);
         ^
conftest.c:36:9: warning: null argument where non-null required (argument 1) [-Wnonnull]
         pthread_create(0,0,0,0); pthread_cleanup_pop(0);
         ^
conftest.c:36:9: warning: null argument where non-null required (argument 3) [-Wnonnull]
/tmp/ccmX5nYY.o: In function `main':
/home/mtydykov/NLPLab/repository/RussianDependencyParser/TurboParser-2.1.0/deps/gflags-2.0/conftest.c:34: undefined reference to `pthread_join'
/home/mtydykov/NLPLab/repository/RussianDependencyParser/TurboParser-2.1.0/deps/gflags-2.0/conftest.c:35: undefined reference to `__pthread_register_cancel'
/home/mtydykov/NLPLab/repository/RussianDependencyParser/TurboParser-2.1.0/deps/gflags-2.0/conftest.c:36: undefined reference to `pthread_create'
/home/mtydykov/NLPLab/repository/RussianDependencyParser/TurboParser-2.1.0/deps/gflags-2.0/conftest.c:36: undefined reference to `__pthread_unregister_cancel'
collect2: error: ld returned 1 exit status
configure:15173: $? = 1
configure: failed program was:
| /* confdefs.h */
| #define PACKAGE_NAME "gflags"
| #define PACKAGE_TARNAME "gflags"
| #define PACKAGE_VERSION "2.0"
| #define PACKAGE_STRING "gflags 2.0"
| #define PACKAGE_BUGREPORT "google-gflags@googlegroups.com"
| #define PACKAGE_URL ""
| #define PACKAGE "gflags"
| #define VERSION "2.0"
| #define STDC_HEADERS 1
| #define HAVE_SYS_TYPES_H 1
| #define HAVE_SYS_STAT_H 1
| #define HAVE_STDLIB_H 1
| #define HAVE_STRING_H 1
| #define HAVE_MEMORY_H 1
| #define HAVE_STRINGS_H 1
| #define HAVE_INTTYPES_H 1
| #define HAVE_STDINT_H 1
| #define HAVE_UNISTD_H 1
| #define HAVE_DLFCN_H 1
| #define LT_OBJDIR ".libs/"
| #define STDC_HEADERS 1
| #define HAVE_FNMATCH_H 1
| #define HAVE_SYS_STAT_H 1
| #define HAVE_UNISTD_H 1
| #define HAVE_STRTOLL 1
| #define HAVE_STRTOQ 1
| #define HAVE___ATTRIBUTE__ 1
| /* end confdefs.h.  */
| #include <pthread.h>
| int
| main ()
| {
| pthread_t th; pthread_join(th, 0);
| 	       pthread_attr_init(0); pthread_cleanup_push(0, 0);
| 	       pthread_create(0,0,0,0); pthread_cleanup_pop(0);
|   ;
|   return 0;
| }
configure:15185: result: no
configure:15190: checking whether -lpthread saves the day
configure:15206: gcc -o conftest -nostdlib -shared -fPIC -Wl,-z,defs -g -O2 -pthread   conftest.c -lpthread   -lc >&5
conftest.c: In function 'main':
conftest.c:35:9: warning: null argument where non-null required (argument 1) [-Wnonnull]
         pthread_attr_init(0); pthread_cleanup_push(0, 0);
         ^
conftest.c:36:9: warning: null argument where non-null required (argument 1) [-Wnonnull]
         pthread_create(0,0,0,0); pthread_cleanup_pop(0);
         ^
conftest.c:36:9: warning: null argument where non-null required (argument 3) [-Wnonnull]
configure:15206: $? = 0
configure:15215: result: yes
configure:15257: checking whether the compiler implements namespaces
configure:15281: g++ -c -g -O2  conftest.cpp >&5
configure:15281: $? = 0
configure:15294: result: yes
configure:15301: checking what namespace STL code is in
configure:15325: g++ -c -g -O2  conftest.cpp >&5
conftest.cpp: In function 'int main()':
conftest.cpp:36:1: error: 'vector' was not declared in this scope
 vector<int> t; return 0;
 ^
conftest.cpp:36:1: note: suggested alternative:
In file included from /usr/include/c++/4.8/vector:64:0,
                 from conftest.cpp:32:
/usr/include/c++/4.8/bits/stl_vector.h:210:11: note:   'std::vector'
     class vector : protected _Vector_base<_Tp, _Alloc>
           ^
conftest.cpp:36:8: error: expected primary-expression before 'int'
 vector<int> t; return 0;
        ^
conftest.cpp:36:8: error: expected ';' before 'int'
configure:15325: $? = 1
configure: failed program was:
| /* confdefs.h */
| #define PACKAGE_NAME "gflags"
| #define PACKAGE_TARNAME "gflags"
| #define PACKAGE_VERSION "2.0"
| #define PACKAGE_STRING "gflags 2.0"
| #define PACKAGE_BUGREPORT "google-gflags@googlegroups.com"
| #define PACKAGE_URL ""
| #define PACKAGE "gflags"
| #define VERSION "2.0"
| #define STDC_HEADERS 1
| #define HAVE_SYS_TYPES_H 1
| #define HAVE_SYS_STAT_H 1
| #define HAVE_STDLIB_H 1
| #define HAVE_STRING_H 1
| #define HAVE_MEMORY_H 1
| #define HAVE_STRINGS_H 1
| #define HAVE_INTTYPES_H 1
| #define HAVE_STDINT_H 1
| #define HAVE_UNISTD_H 1
| #define HAVE_DLFCN_H 1
| #define LT_OBJDIR ".libs/"
| #define STDC_HEADERS 1
| #define HAVE_FNMATCH_H 1
| #define HAVE_SYS_STAT_H 1
| #define HAVE_UNISTD_H 1
| #define HAVE_STRTOLL 1
| #define HAVE_STRTOQ 1
| #define HAVE___ATTRIBUTE__ 1
| #define HAVE_PTHREAD 1
| #define HAVE_NAMESPACES 1
| /* end confdefs.h.  */
| #include <vector>
| int
| main ()
| {
| vector<int> t; return 0;
|   ;
|   return 0;
| }
configure:15340: g++ -c -g -O2  conftest.cpp >&5
configure:15340: $? = 0
configure:15351: result: std
configure:15569: creating ./config.status

## ---------------- ##
## Cache variables. ##
## ---------------- ##

ac_cv___attribute__=yes
ac_cv___attribute__unused='__attribute__ ((unused))'
ac_cv_build=x86_64-unknown-linux-gnu
ac_cv_c_compiler_gnu=yes
ac_cv_cxx_compiler_gnu=yes
ac_cv_cxx_namespaces=yes
ac_cv_cxx_stl_namespace=std
ac_cv_env_CCC_set=
ac_cv_env_CCC_value=
ac_cv_env_CC_set=
ac_cv_env_CC_value=
ac_cv_env_CFLAGS_set=
ac_cv_env_CFLAGS_value=
ac_cv_env_CPPFLAGS_set=
ac_cv_env_CPPFLAGS_value=
ac_cv_env_CPP_set=
ac_cv_env_CPP_value=
ac_cv_env_CXXCPP_set=
ac_cv_env_CXXCPP_value=
ac_cv_env_CXXFLAGS_set=
ac_cv_env_CXXFLAGS_value=
ac_cv_env_CXX_set=
ac_cv_env_CXX_value=
ac_cv_env_LDFLAGS_set=
ac_cv_env_LDFLAGS_value=
ac_cv_env_LIBS_set=
ac_cv_env_LIBS_value=
ac_cv_env_build_alias_set=
ac_cv_env_build_alias_value=
ac_cv_env_host_alias_set=
ac_cv_env_host_alias_value=
ac_cv_env_target_alias_set=
ac_cv_env_target_alias_value=
ac_cv_func_strtoll=yes
ac_cv_func_strtoq=yes
ac_cv_have___int16=0
ac_cv_have_inttypes_h=1
ac_cv_have_stdint_h=1
ac_cv_have_systypes_h=1
ac_cv_have_u_int16_t=1
ac_cv_have_uint16_t=1
ac_cv_header_dlfcn_h=yes
ac_cv_header_fnmatch_h=yes
ac_cv_header_inttypes_h=yes
ac_cv_header_memory_h=yes
ac_cv_header_stdc=yes
ac_cv_header_stdint_h=yes
ac_cv_header_stdlib_h=yes
ac_cv_header_string_h=yes
ac_cv_header_strings_h=yes
ac_cv_header_sys_stat_h=yes
ac_cv_header_sys_types_h=yes
ac_cv_header_unistd_h=yes
ac_cv_host=x86_64-unknown-linux-gnu
ac_cv_objext=o
ac_cv_path_EGREP='/bin/grep -E'
ac_cv_path_FGREP='/bin/grep -F'
ac_cv_path_GREP=/bin/grep
ac_cv_path_SED=/bin/sed
ac_cv_path_install='/usr/bin/install -c'
ac_cv_path_mkdir=/bin/mkdir
ac_cv_prog_AWK=mawk
ac_cv_prog_CPP='gcc -E'
ac_cv_prog_CXXCPP='g++ -E'
ac_cv_prog_ac_ct_AR=ar
ac_cv_prog_ac_ct_CC=gcc
ac_cv_prog_ac_ct_CXX=g++
ac_cv_prog_ac_ct_OBJDUMP=objdump
ac_cv_prog_ac_ct_RANLIB=ranlib
ac_cv_prog_ac_ct_STRIP=strip
ac_cv_prog_cc_c89=
ac_cv_prog_cc_g=yes
ac_cv_prog_cxx_g=yes
ac_cv_prog_make_make_set=yes
ac_cv_type___int16=no
ac_cv_type_u_int16_t=yes
ac_cv_type_uint16_t=yes
am_cv_CC_dependencies_compiler_type=gcc3
am_cv_CXX_dependencies_compiler_type=gcc3
lt_cv_deplibs_check_method=pass_all
lt_cv_file_magic_cmd='$MAGIC_CMD'
lt_cv_file_magic_test_file=
lt_cv_ld_reload_flag=-r
lt_cv_nm_interface='BSD nm'
lt_cv_objdir=.libs
lt_cv_path_LD=/usr/bin/ld
lt_cv_path_LDCXX='/usr/bin/ld -m elf_x86_64'
lt_cv_path_NM='/usr/bin/nm -B'
lt_cv_prog_compiler_c_o=yes
lt_cv_prog_compiler_c_o_CXX=yes
lt_cv_prog_compiler_pic_works=yes
lt_cv_prog_compiler_pic_works_CXX=yes
lt_cv_prog_compiler_rtti_exceptions=no
lt_cv_prog_compiler_static_works=yes
lt_cv_prog_compiler_static_works_CXX=yes
lt_cv_prog_gnu_ld=yes
lt_cv_prog_gnu_ldcxx=yes
lt_cv_sys_global_symbol_pipe='sed -n -e '\''s/^.*[	 ]\([ABCDGIRSTW][ABCDGIRSTW]*\)[	 ][	 ]*\([_A-Za-z][_A-Za-z0-9]*\)$/\1 \2 \2/p'\'''
lt_cv_sys_global_symbol_to_c_name_address='sed -n -e '\''s/^: \([^ ]*\) $/  {\"\1\", (void *) 0},/p'\'' -e '\''s/^[ABCDGIRSTW]* \([^ ]*\) \([^ ]*\)$/  {"\2", (void *) \&\2},/p'\'''
lt_cv_sys_global_symbol_to_c_name_address_lib_prefix='sed -n -e '\''s/^: \([^ ]*\) $/  {\"\1\", (void *) 0},/p'\'' -e '\''s/^[ABCDGIRSTW]* \([^ ]*\) \(lib[^ ]*\)$/  {"\2", (void *) \&\2},/p'\'' -e '\''s/^[ABCDGIRSTW]* \([^ ]*\) \([^ ]*\)$/  {"lib\2", (void *) \&\2},/p'\'''
lt_cv_sys_global_symbol_to_cdecl='sed -n -e '\''s/^T .* \(.*\)$/extern int \1();/p'\'' -e '\''s/^[ABCDGIRSTW]* .* \(.*\)$/extern char \1;/p'\'''
lt_cv_sys_max_cmd_len=3458764513820540925

## ----------------- ##
## Output variables. ##
## ----------------- ##

ACLOCAL='${SHELL} /home/mtydykov/NLPLab/repository/RussianDependencyParser/TurboParser-2.1.0/deps/gflags-2.0/missing --run aclocal-1.10'
AMDEPBACKSLASH='\'
AMDEP_FALSE='#'
AMDEP_TRUE=''
AMTAR='${SHELL} /home/mtydykov/NLPLab/repository/RussianDependencyParser/TurboParser-2.1.0/deps/gflags-2.0/missing --run tar'
AR='ar'
AUTOCONF='${SHELL} /home/mtydykov/NLPLab/repository/RussianDependencyParser/TurboParser-2.1.0/deps/gflags-2.0/missing --run autoconf'
AUTOHEADER='${SHELL} /home/mtydykov/NLPLab/repository/RussianDependencyParser/TurboParser-2.1.0/deps/gflags-2.0/missing --run autoheader'
AUTOMAKE='${SHELL} /home/mtydykov/NLPLab/repository/RussianDependencyParser/TurboParser-2.1.0/deps/gflags-2.0/missing --run automake-1.10'
AWK='mawk'
CC='gcc'
CCDEPMODE='depmode=gcc3'
CFLAGS='-g -O2'
CPP='gcc -E'
CPPFLAGS=''
CXX='g++'
CXXCPP='g++ -E'
CXXDEPMODE='depmode=gcc3'
CXXFLAGS='-g -O2'
CYGPATH_W='echo'
DEFS='-DHAVE_CONFIG_H'
DEPDIR='.deps'
DSYMUTIL=''
DUMPBIN=''
ECHO_C=''
ECHO_N='-n'
ECHO_T=''
EGREP='/bin/grep -E'
EXEEXT=''
FGREP='/bin/grep -F'
GCC_FALSE='#'
GCC_TRUE=''
GREP='/bin/grep'
INSTALL_DATA='${INSTALL} -m 644'
INSTALL_PROGRAM='${INSTALL}'
INSTALL_SCRIPT='${INSTALL}'
INSTALL_STRIP_PROGRAM='$(install_sh) -c -s'
LD='/usr/bin/ld -m elf_x86_64'
LDFLAGS=''
LIBOBJS=''
LIBS=''
LIBSTDCXX_LA_LINKER_FLAG=''
LIBTOOL='$(SHELL) $(top_builddir)/libtool'
LIBTOOL_DEPS='./ltmain.sh'
LIPO=''
LN_S='ln -s'
LTLIBOBJS=''
MAKEINFO='${SHELL} /home/mtydykov/NLPLab/repository/RussianDependencyParser/TurboParser-2.1.0/deps/gflags-2.0/missing --run makeinfo'
MKDIR_P='/bin/mkdir -p'
NM='/usr/bin/nm -B'
NMEDIT=''
OBJDUMP='objdump'
OBJEXT='o'
OTOOL64=''
OTOOL=''
PACKAGE='gflags'
PACKAGE_BUGREPORT='google-gflags@googlegroups.com'
PACKAGE_NAME='gflags'
PACKAGE_STRING='gflags 2.0'
PACKAGE_TARNAME='gflags'
PACKAGE_URL=''
PACKAGE_VERSION='2.0'
PATH_SEPARATOR=':'
PTHREAD_CC='gcc'
PTHREAD_CFLAGS='-pthread'
PTHREAD_LIBS=' -lpthread'
RANLIB='ranlib'
SED='/bin/sed'
SET_MAKE=''
SHELL='/bin/bash'
SO_VERSION='3:0:1'
STRIP='strip'
TEST_TMPDIR='/tmp/gflags'
VERSION='2.0'
ac_ct_CC='gcc'
ac_ct_CXX='g++'
ac_ct_DUMPBIN=''
ac_cv___attribute__unused='__attribute__ ((unused))'
ac_cv_have___int16='0'
ac_cv_have_inttypes_h='1'
ac_cv_have_stdint_h='1'
ac_cv_have_systypes_h='1'
ac_cv_have_u_int16_t='1'
ac_cv_have_uint16_t='1'
ac_google_end_namespace='}'
ac_google_namespace='::google'
ac_google_start_namespace='namespace google {'
acx_pthread_config=''
am__fastdepCC_FALSE='#'
am__fastdepCC_TRUE=''
am__fastdepCXX_FALSE='#'
am__fastdepCXX_TRUE=''
am__include='include'
am__isrc=''
am__leading_dot='.'
am__quote=''
am__tar='${AMTAR} chof - "$$tardir"'
am__untar='${AMTAR} xf -'
bindir='${exec_prefix}/bin'
build='x86_64-unknown-linux-gnu'
build_alias=''
build_cpu='x86_64'
build_os='linux-gnu'
build_vendor='unknown'
datadir='${datarootdir}'
datarootdir='${prefix}/share'
docdir='${datarootdir}/doc/${PACKAGE_TARNAME}'
dvidir='${docdir}'
exec_prefix='${prefix}'
host='x86_64-unknown-linux-gnu'
host_alias=''
host_cpu='x86_64'
host_os='linux-gnu'
host_vendor='unknown'
htmldir='${docdir}'
includedir='${prefix}/include'
infodir='${datarootdir}/info'
install_sh='$(SHELL) /home/mtydykov/NLPLab/repository/RussianDependencyParser/TurboParser-2.1.0/deps/gflags-2.0/install-sh'
libdir='${exec_prefix}/lib'
libexecdir='${exec_prefix}/libexec'
localedir='${datarootdir}/locale'
localstatedir='${prefix}/var'
lt_ECHO='echo'
mandir='${datarootdir}/man'
mkdir_p='/bin/mkdir -p'
oldincludedir='/usr/include'
pdfdir='${docdir}'
prefix='/home/mtydykov/NLPLab/repository/RussianDependencyParser/TurboParser-2.1.0/deps/local'
program_transform_name='s,x,x,'
psdir='${docdir}'
sbindir='${exec_prefix}/sbin'
sharedstatedir='${prefix}/com'
sysconfdir='${prefix}/etc'
target_alias=''

## ----------- ##
## confdefs.h. ##
## ----------- ##

/* confdefs.h */
#define PACKAGE_NAME "gflags"
#define PACKAGE_TARNAME "gflags"
#define PACKAGE_VERSION "2.0"
#define PACKAGE_STRING "gflags 2.0"
#define PACKAGE_BUGREPORT "google-gflags@googlegroups.com"
#define PACKAGE_URL ""
#define PACKAGE "gflags"
#define VERSION "2.0"
#define STDC_HEADERS 1
#define HAVE_SYS_TYPES_H 1
#define HAVE_SYS_STAT_H 1
#define HAVE_STDLIB_H 1
#define HAVE_STRING_H 1
#define HAVE_MEMORY_H 1
#define HAVE_STRINGS_H 1
#define HAVE_INTTYPES_H 1
#define HAVE_STDINT_H 1
#define HAVE_UNISTD_H 1
#define HAVE_DLFCN_H 1
#define LT_OBJDIR ".libs/"
#define STDC_HEADERS 1
#define HAVE_FNMATCH_H 1
#define HAVE_SYS_STAT_H 1
#define HAVE_UNISTD_H 1
#define HAVE_STRTOLL 1
#define HAVE_STRTOQ 1
#define HAVE___ATTRIBUTE__ 1
#define HAVE_PTHREAD 1
#define HAVE_NAMESPACES 1
#define STL_NAMESPACE std
#define GOOGLE_NAMESPACE ::google
#define _START_GOOGLE_NAMESPACE_ namespace google {
#define _END_GOOGLE_NAMESPACE_ }
#define GFLAGS_DLL_DECL /**/

configure: exit 0

## ---------------------- ##
## Running config.status. ##
## ---------------------- ##

This file was extended by gflags config.status 2.0, which was
generated by GNU Autoconf 2.69.  Invocation command line was

  CONFIG_FILES    = 
  CONFIG_HEADERS  = 
  CONFIG_LINKS    = 
  CONFIG_COMMANDS = 
  $ ./config.status 

on mtydykov-MacBookPro

config.status:1156: creating Makefile
config.status:1156: creating src/gflags/gflags.h
config.status:1156: creating src/gflags/gflags_declare.h
config.status:1156: creating src/gflags/gflags_completions.h
config.status:1156: creating src/config.h
config.status:1337: src/config.h is unchanged
config.status:1385: executing depfiles commands
config.status:1385: executing libtool commands

## ---------------------- ##
## Running config.status. ##
## ---------------------- ##

This file was extended by gflags config.status 2.0, which was
generated by GNU Autoconf 2.69.  Invocation command line was

  CONFIG_FILES    = 
  CONFIG_HEADERS  = 
  CONFIG_LINKS    = 
  CONFIG_COMMANDS = 
  $ ./config.status src/config.h

on mtydykov-MacBookPro

config.status:1156: creating src/config.h
